Vertex 0: -> (1, weight: 106) -> (2, weight: 97) -> (3, weight: 116) -> (4, weight: 84) -> (5, weight: 124) -> (6, weight: 129) -> (7, weight: 136) -> (8, weight: 77) -> (11, weight: 114) -> (12, weight: 112) -> (13, weight: 118) -> (15, weight: 84) -> (16, weight: 82) -> (17, weight: 131) -> (19, weight: 136) -> (20, weight: 84) -> (21, weight: 136) -> (22, weight: 105) -> (23, weight: 118) -> (24, weight: 132) -> (25, weight: 88) -> (26, weight: 82) -> (28, weight: 147) -> (29, weight: 113) -> (31, weight: 127)
Vertex 1: -> (2, weight: 95) -> (4, weight: 75) -> (6, weight: 91) -> (7, weight: 98) -> (8, weight: 138) -> (9, weight: 83) -> (10, weight: 133) -> (11, weight: 85) -> (12, weight: 103) -> (14, weight: 121) -> (15, weight: 113) -> (17, weight: 82) -> (18, weight: 108) -> (20, weight: 120) -> (21, weight: 100) -> (22, weight: 149) -> (23, weight: 88) -> (24, weight: 114) -> (25, weight: 135) -> (27, weight: 123) -> (28, weight: 75) -> (29, weight: 149) -> (30, weight: 84)
Vertex 2: -> (4, weight: 84) -> (8, weight: 117) -> (9, weight: 120) -> (10, weight: 101) -> (12, weight: 103) -> (13, weight: 117) -> (14, weight: 119) -> (17, weight: 80) -> (18, weight: 141) -> (21, weight: 98) -> (22, weight: 75) -> (23, weight: 143) -> (25, weight: 86) -> (27, weight: 142) -> (29, weight: 101) -> (31, weight: 76)
Vertex 3: -> (4, weight: 95) -> (5, weight: 127) -> (6, weight: 93) -> (8, weight: 82) -> (9, weight: 85) -> (10, weight: 142) -> (11, weight: 111) -> (12, weight: 138) -> (13, weight: 134) -> (15, weight: 129) -> (16, weight: 124) -> (17, weight: 82) -> (19, weight: 133) -> (21, weight: 98) -> (23, weight: 96) -> (24, weight: 122) -> (25, weight: 144) -> (26, weight: 145) -> (27, weight: 127) -> (29, weight: 72) -> (31, weight: 88)
Vertex 4: -> (5, weight: 96) -> (8, weight: 82) -> (9, weight: 133) -> (10, weight: 99) -> (12, weight: 140) -> (13, weight: 102) -> (14, weight: 89) -> (15, weight: 132) -> (16, weight: 107) -> (18, weight: 148) -> (19, weight: 78) -> (20, weight: 84) -> (21, weight: 92) -> (23, weight: 143) -> (24, weight: 98) -> (25, weight: 84) -> (26, weight: 104) -> (27, weight: 141) -> (29, weight: 123) -> (30, weight: 138) -> (31, weight: 90)
Vertex 5: -> (6, weight: 134) -> (7, weight: 96) -> (8, weight: 117) -> (9, weight: 134) -> (10, weight: 147) -> (11, weight: 86) -> (12, weight: 105) -> (13, weight: 125) -> (14, weight: 87) -> (15, weight: 122) -> (16, weight: 125) -> (17, weight: 73) -> (18, weight: 80) -> (19, weight: 74) -> (20, weight: 143) -> (21, weight: 111) -> (22, weight: 93) -> (23, weight: 125) -> (24, weight: 148) -> (25, weight: 91) -> (26, weight: 107) -> (27, weight: 136) -> (28, weight: 112) -> (29, weight: 100) -> (31, weight: 139)
Vertex 6: -> (7, weight: 101) -> (8, weight: 109) -> (10, weight: 130) -> (12, weight: 74) -> (13, weight: 97) -> (14, weight: 124) -> (15, weight: 112) -> (16, weight: 122) -> (17, weight: 91) -> (18, weight: 97) -> (19, weight: 95) -> (20, weight: 81) -> (21, weight: 131) -> (22, weight: 149) -> (23, weight: 72) -> (24, weight: 78) -> (25, weight: 124) -> (27, weight: 75) -> (28, weight: 87) -> (30, weight: 128) -> (31, weight: 122)
Vertex 7: -> (8, weight: 103) -> (9, weight: 125) -> (10, weight: 97) -> (11, weight: 76) -> (12, weight: 120) -> (14, weight: 109) -> (15, weight: 141) -> (16, weight: 137) -> (17, weight: 113) -> (18, weight: 130) -> (20, weight: 88) -> (21, weight: 72) -> (22, weight: 110) -> (23, weight: 145) -> (24, weight: 73) -> (25, weight: 84) -> (26, weight: 82) -> (27, weight: 100) -> (28, weight: 79) -> (29, weight: 108) -> (30, weight: 124) -> (31, weight: 143)
Vertex 8: -> (9, weight: 143) -> (11, weight: 123) -> (12, weight: 145) -> (13, weight: 71) -> (14, weight: 72) -> (15, weight: 149) -> (16, weight: 142) -> (18, weight: 104) -> (20, weight: 121) -> (21, weight: 95) -> (22, weight: 79) -> (23, weight: 122) -> (24, weight: 100) -> (25, weight: 104) -> (26, weight: 81) -> (27, weight: 145) -> (28, weight: 91) -> (29, weight: 124) -> (30, weight: 126) -> (31, weight: 83)
Vertex 9: -> (10, weight: 100) -> (11, weight: 140) -> (14, weight: 78) -> (15, weight: 78) -> (16, weight: 129) -> (18, weight: 89) -> (19, weight: 107) -> (21, weight: 112) -> (22, weight: 102) -> (23, weight: 135) -> (25, weight: 106) -> (26, weight: 95) -> (27, weight: 108) -> (29, weight: 101) -> (30, weight: 71) -> (31, weight: 84)
Vertex 10: -> (12, weight: 75) -> (13, weight: 117) -> (14, weight: 118) -> (15, weight: 125) -> (16, weight: 141) -> (18, weight: 101) -> (19, weight: 72) -> (20, weight: 145) -> (21, weight: 134) -> (22, weight: 137) -> (23, weight: 115) -> (24, weight: 75) -> (25, weight: 111) -> (26, weight: 91) -> (27, weight: 87) -> (28, weight: 115) -> (29, weight: 136) -> (30, weight: 148)
Vertex 11: -> (12, weight: 122) -> (13, weight: 115) -> (16, weight: 142) -> (17, weight: 133) -> (18, weight: 77) -> (20, weight: 94) -> (21, weight: 118) -> (22, weight: 112) -> (23, weight: 93) -> (24, weight: 130) -> (25, weight: 142) -> (30, weight: 147) -> (31, weight: 144)
Vertex 12: -> (13, weight: 146) -> (14, weight: 114) -> (15, weight: 112) -> (16, weight: 96) -> (17, weight: 80) -> (18, weight: 117) -> (19, weight: 73) -> (21, weight: 75) -> (23, weight: 102) -> (25, weight: 139) -> (27, weight: 120) -> (29, weight: 81) -> (30, weight: 75) -> (31, weight: 115)
Vertex 13: -> (15, weight: 73) -> (16, weight: 119) -> (17, weight: 101) -> (18, weight: 71) -> (19, weight: 146) -> (21, weight: 145) -> (23, weight: 117) -> (25, weight: 129) -> (26, weight: 127) -> (27, weight: 140) -> (29, weight: 98) -> (30, weight: 89) -> (31, weight: 138)
Vertex 14: -> (15, weight: 78) -> (16, weight: 136) -> (17, weight: 135) -> (20, weight: 126) -> (21, weight: 107) -> (22, weight: 100) -> (23, weight: 142) -> (25, weight: 108) -> (26, weight: 109) -> (27, weight: 110) -> (28, weight: 110) -> (29, weight: 89) -> (31, weight: 141)
Vertex 15: -> (16, weight: 74) -> (17, weight: 113) -> (18, weight: 126) -> (19, weight: 78) -> (20, weight: 78) -> (21, weight: 128) -> (22, weight: 101) -> (23, weight: 84) -> (24, weight: 104) -> (25, weight: 97) -> (27, weight: 133) -> (28, weight: 71) -> (30, weight: 131) -> (31, weight: 110)
Vertex 16: -> (17, weight: 116) -> (18, weight: 79) -> (20, weight: 104) -> (21, weight: 79) -> (22, weight: 140) -> (23, weight: 144) -> (24, weight: 143) -> (25, weight: 117) -> (26, weight: 101) -> (27, weight: 147) -> (28, weight: 109) -> (30, weight: 113)
Vertex 17: -> (18, weight: 82) -> (19, weight: 148) -> (20, weight: 127) -> (21, weight: 75) -> (23, weight: 114) -> (24, weight: 130) -> (25, weight: 92) -> (26, weight: 145) -> (27, weight: 137) -> (28, weight: 99) -> (29, weight: 123) -> (31, weight: 143)
Vertex 18: -> (19, weight: 87) -> (21, weight: 131) -> (22, weight: 90) -> (23, weight: 71) -> (24, weight: 132) -> (25, weight: 125) -> (26, weight: 110) -> (27, weight: 73) -> (28, weight: 133) -> (29, weight: 118) -> (30, weight: 81) -> (31, weight: 99)
Vertex 19: -> (21, weight: 112) -> (23, weight: 128) -> (25, weight: 120) -> (26, weight: 118) -> (27, weight: 101) -> (28, weight: 133) -> (29, weight: 81) -> (31, weight: 87)
Vertex 20: -> (21, weight: 132) -> (22, weight: 138) -> (23, weight: 91) -> (25, weight: 71) -> (27, weight: 118) -> (28, weight: 112) -> (29, weight: 145) -> (30, weight: 81) -> (31, weight: 115)
Vertex 21: -> (22, weight: 94) -> (23, weight: 128) -> (24, weight: 107) -> (25, weight: 75) -> (26, weight: 147) -> (27, weight: 107) -> (28, weight: 111) -> (29, weight: 98) -> (30, weight: 121) -> (31, weight: 88)
Vertex 22: -> (23, weight: 135) -> (24, weight: 90) -> (25, weight: 73) -> (26, weight: 84) -> (27, weight: 106) -> (28, weight: 131) -> (29, weight: 133) -> (30, weight: 74) -> (31, weight: 136)
Vertex 23: -> (24, weight: 117) -> (25, weight: 85) -> (26, weight: 73) -> (27, weight: 74) -> (28, weight: 127) -> (29, weight: 147) -> (30, weight: 128) -> (31, weight: 149)
Vertex 24: -> (25, weight: 84) -> (26, weight: 99) -> (27, weight: 134) -> (28, weight: 103) -> (29, weight: 122) -> (30, weight: 112) -> (31, weight: 139)
Vertex 25: -> (26, weight: 101) -> (27, weight: 85) -> (28, weight: 96) -> (29, weight: 142) -> (30, weight: 112) -> (31, weight: 122)
Vertex 26: -> (27, weight: 80) -> (28, weight: 97) -> (29, weight: 116) -> (31, weight: 83)
Vertex 27: -> (28, weight: 111) -> (29, weight: 72) -> (30, weight: 118) -> (31, weight: 148)
Vertex 28: -> (30, weight: 76)
Vertex 29: -> (30, weight: 79) -> (31, weight: 90)
Vertex 30: -> (31, weight: 144)
Vertex 31:
Generated 256 partial states from BFS.

Minimum cut cost: 18114

Time: 116.591 seconds
