----------------------------------------------------
Job started on: Tue Apr 29 01:21:07 CEST 2025
Job name: hybrid15_n:4
Job ID: 75197
Nodes allocated: cf-prod-node-[041,044-046]
Tasks per node: 1
CPUs per task: 48
Total tasks: 4
----------------------------------------------------
Activating Cray PE...
Cray PE activated.
Loading MPI module...
MPI module loaded.
Current modules:
OMP_NUM_THREADS set to: 48
MV2_ENABLE_AFFINITY set to 0
Running application with srun...
MPI World Size: 4
OpenMP Max Threads (per process): 48
Rank 0: Generated 256 partial states from BFS (Depth 8).
Rank 0: Received and deserialized 64 states.

Global Minimum cut cost: 13159 (found by rank 0)
Best flags configuration (Rank 0): [ 0 0 0 0 1 1 1 1 1 0 0 1 0 1 0 1 0 0 1 0 1 0 1 1 1 1 1 0 0 0 ]

Total Wall Time: 5.56144 seconds
Max Local Computation Time: 5.55571 seconds
----------------------------------------------------
srun finished with exit code: 0
Job finished on: Tue Apr 29 01:21:14 CEST 2025
----------------------------------------------------
