----------------------------------------------------
Job started on: Mon Apr 28 23:40:16 CEST 2025
Job name: hybrid12_n:2
Job ID: 75201
Nodes allocated: cf-prod-node-[041,045]
Tasks per node: 1
CPUs per task: 48
Total tasks: 2
----------------------------------------------------
Activating Cray PE...
Cray PE activated.
Loading MPI module...
MPI module loaded.
Current modules:
OMP_NUM_THREADS set to: 48
MV2_ENABLE_AFFINITY set to 0
Running application with srun...
MPI World Size: 2
OpenMP Max Threads (per process): 48
Rank 0: Generated 256 partial states from BFS (Depth 8).
Rank 0: Received and deserialized 128 states.

Global Minimum cut cost: 18114 (found by rank 0)
Best flags configuration (Rank 0): [ 0 1 0 0 1 1 1 1 1 1 1 0 0 0 1 1 1 0 1 0 1 1 1 1 1 0 0 1 1 0 1 0 ]

Total Wall Time: 32.3004 seconds
Max Local Computation Time: 32.2949 seconds
----------------------------------------------------
srun finished with exit code: 0
Job finished on: Mon Apr 28 23:40:50 CEST 2025
----------------------------------------------------
