Vertex 0: -> (1, weight: 111) -> (2, weight: 108) -> (3, weight: 80) -> (5, weight: 100) -> (7, weight: 89) -> (10, weight: 100) -> (12, weight: 113) -> (13, weight: 81) -> (16, weight: 89) -> (17, weight: 97) -> (21, weight: 96) -> (24, weight: 98) -> (25, weight: 96) -> (27, weight: 93) -> (28, weight: 95) -> (29, weight: 119)
Vertex 1: -> (2, weight: 114) -> (3, weight: 84) -> (4, weight: 100) -> (5, weight: 101) -> (6, weight: 120) -> (7, weight: 105) -> (9, weight: 89) -> (11, weight: 94) -> (13, weight: 106) -> (14, weight: 106) -> (16, weight: 109) -> (18, weight: 103) -> (19, weight: 108) -> (20, weight: 110) -> (21, weight: 96) -> (22, weight: 100) -> (23, weight: 83) -> (24, weight: 88) -> (26, weight: 89) -> (27, weight: 88) -> (28, weight: 99) -> (29, weight: 86)
Vertex 2: -> (3, weight: 118) -> (4, weight: 115) -> (7, weight: 118) -> (8, weight: 100) -> (9, weight: 80) -> (10, weight: 101) -> (11, weight: 103) -> (12, weight: 104) -> (13, weight: 112) -> (14, weight: 101) -> (15, weight: 116) -> (19, weight: 83) -> (21, weight: 88) -> (22, weight: 97) -> (23, weight: 98) -> (24, weight: 119) -> (28, weight: 107)
Vertex 3: -> (6, weight: 108) -> (7, weight: 90) -> (9, weight: 120) -> (11, weight: 106) -> (12, weight: 92) -> (13, weight: 94) -> (14, weight: 119) -> (16, weight: 94) -> (21, weight: 107) -> (23, weight: 115) -> (24, weight: 105) -> (25, weight: 109) -> (27, weight: 93) -> (28, weight: 88)
Vertex 4: -> (5, weight: 106) -> (6, weight: 99) -> (7, weight: 114) -> (9, weight: 83) -> (10, weight: 103) -> (11, weight: 80) -> (12, weight: 94) -> (13, weight: 97) -> (14, weight: 87) -> (15, weight: 108) -> (17, weight: 91) -> (19, weight: 113) -> (20, weight: 101) -> (22, weight: 113) -> (23, weight: 97) -> (24, weight: 119) -> (25, weight: 95) -> (27, weight: 87) -> (28, weight: 86)
Vertex 5: -> (7, weight: 117) -> (8, weight: 104) -> (10, weight: 89) -> (11, weight: 96) -> (13, weight: 81) -> (14, weight: 89) -> (15, weight: 93) -> (17, weight: 87) -> (18, weight: 97) -> (19, weight: 106) -> (20, weight: 105) -> (21, weight: 86) -> (22, weight: 114) -> (23, weight: 93) -> (24, weight: 114) -> (25, weight: 118) -> (26, weight: 107) -> (27, weight: 116)
Vertex 6: -> (7, weight: 97) -> (8, weight: 118) -> (9, weight: 113) -> (10, weight: 116) -> (11, weight: 80) -> (18, weight: 100) -> (20, weight: 100) -> (21, weight: 97) -> (22, weight: 80) -> (23, weight: 112) -> (24, weight: 112) -> (26, weight: 93) -> (28, weight: 89) -> (29, weight: 99)
Vertex 7: -> (8, weight: 91) -> (9, weight: 96) -> (10, weight: 89) -> (11, weight: 116) -> (12, weight: 117) -> (13, weight: 81) -> (14, weight: 82) -> (15, weight: 90) -> (16, weight: 83) -> (18, weight: 107) -> (19, weight: 94) -> (20, weight: 114) -> (21, weight: 99) -> (22, weight: 117) -> (23, weight: 93) -> (24, weight: 119) -> (25, weight: 89) -> (26, weight: 88) -> (28, weight: 80)
Vertex 8: -> (9, weight: 91) -> (10, weight: 81) -> (11, weight: 97) -> (12, weight: 108) -> (13, weight: 83) -> (14, weight: 83) -> (15, weight: 96) -> (16, weight: 98) -> (17, weight: 95) -> (19, weight: 106) -> (21, weight: 118) -> (22, weight: 119) -> (23, weight: 97) -> (24, weight: 99) -> (25, weight: 111) -> (26, weight: 113) -> (28, weight: 98)
Vertex 9: -> (10, weight: 86) -> (11, weight: 82) -> (12, weight: 118) -> (14, weight: 93) -> (15, weight: 113) -> (16, weight: 106) -> (18, weight: 92) -> (19, weight: 90) -> (20, weight: 88) -> (21, weight: 87) -> (22, weight: 109) -> (23, weight: 111) -> (25, weight: 98) -> (26, weight: 113) -> (28, weight: 117) -> (29, weight: 81)
Vertex 10: -> (12, weight: 110) -> (15, weight: 96) -> (16, weight: 115) -> (17, weight: 117) -> (18, weight: 100) -> (20, weight: 114) -> (21, weight: 88) -> (24, weight: 103) -> (25, weight: 107) -> (26, weight: 94) -> (28, weight: 112) -> (29, weight: 89)
Vertex 11: -> (12, weight: 115) -> (13, weight: 109) -> (15, weight: 105) -> (16, weight: 99) -> (17, weight: 114) -> (18, weight: 86) -> (19, weight: 101) -> (20, weight: 108) -> (21, weight: 119) -> (22, weight: 88) -> (23, weight: 112) -> (24, weight: 117) -> (25, weight: 113) -> (26, weight: 114) -> (28, weight: 103) -> (29, weight: 92)
Vertex 12: -> (14, weight: 108) -> (15, weight: 120) -> (16, weight: 105) -> (17, weight: 116) -> (19, weight: 94) -> (20, weight: 80) -> (23, weight: 89) -> (24, weight: 84) -> (25, weight: 114) -> (28, weight: 116) -> (29, weight: 101)
Vertex 13: -> (17, weight: 90) -> (18, weight: 103) -> (20, weight: 99) -> (22, weight: 104) -> (24, weight: 106) -> (25, weight: 114) -> (26, weight: 82) -> (28, weight: 87)
Vertex 14: -> (16, weight: 110) -> (17, weight: 109) -> (20, weight: 120) -> (21, weight: 103) -> (22, weight: 93) -> (25, weight: 97) -> (27, weight: 94) -> (29, weight: 103)
Vertex 15: -> (17, weight: 119) -> (18, weight: 106) -> (19, weight: 107) -> (20, weight: 113) -> (21, weight: 102) -> (22, weight: 109) -> (23, weight: 88) -> (25, weight: 102) -> (26, weight: 117) -> (28, weight: 92) -> (29, weight: 92)
Vertex 16: -> (17, weight: 97) -> (18, weight: 111) -> (19, weight: 84) -> (21, weight: 87) -> (25, weight: 91) -> (27, weight: 113) -> (28, weight: 81)
Vertex 17: -> (18, weight: 91) -> (19, weight: 100) -> (20, weight: 112) -> (21, weight: 85) -> (22, weight: 90) -> (23, weight: 116) -> (24, weight: 107) -> (25, weight: 98) -> (27, weight: 113) -> (28, weight: 107) -> (29, weight: 117)
Vertex 18: -> (20, weight: 115) -> (21, weight: 87) -> (22, weight: 104) -> (23, weight: 95) -> (24, weight: 104) -> (25, weight: 97) -> (27, weight: 85)
Vertex 19: -> (20, weight: 84) -> (21, weight: 111) -> (24, weight: 89) -> (27, weight: 119) -> (28, weight: 81)
Vertex 20: -> (21, weight: 109) -> (23, weight: 87) -> (24, weight: 113) -> (25, weight: 104) -> (26, weight: 84) -> (29, weight: 98)
Vertex 21: -> (22, weight: 114) -> (24, weight: 117) -> (26, weight: 94) -> (27, weight: 90) -> (29, weight: 87)
Vertex 22: -> (23, weight: 85) -> (24, weight: 112) -> (25, weight: 88) -> (27, weight: 106) -> (28, weight: 97)
Vertex 23: -> (24, weight: 88) -> (25, weight: 103) -> (26, weight: 80) -> (27, weight: 119) -> (29, weight: 99)
Vertex 24: -> (25, weight: 113) -> (26, weight: 84) -> (28, weight: 91)
Vertex 25: -> (26, weight: 97) -> (27, weight: 115) -> (28, weight: 85)
Vertex 26: -> (27, weight: 103) -> (28, weight: 84) -> (29, weight: 101)
Vertex 27: -> (29, weight: 102)
Vertex 28: -> (29, weight: 87)
Vertex 29:
Minimum cut cost: 13159

Time elapsed: 401.45981
